This file contains any messages produced by compilers while
running configure, to aid debugging if configure makes a mistake.

It was created by xforms configure 1.2.5pre2, which was
generated by GNU Autoconf 2.69.  Invocation command line was

  $ ./configure --prefix=/home/dumitru/work/pyforms/build --enable-shared=no --enable-static=yes --with-pic=yes --disable-gl --enable-demos

## --------- ##
## Platform. ##
## --------- ##

hostname = dumitru-OptiPlex
uname -m = x86_64
uname -r = 4.15.0-43-generic
uname -s = Linux
uname -v = #46-Ubuntu SMP Thu Dec 6 14:45:28 UTC 2018

/usr/bin/uname -p = unknown
/bin/uname -X     = unknown

/bin/arch              = unknown
/usr/bin/arch -k       = unknown
/usr/convex/getsysinfo = unknown
/usr/bin/hostinfo      = unknown
/bin/machine           = unknown
/usr/bin/oslevel       = unknown
/bin/universe          = unknown

PATH: /home/dumitru/.local/bin
PATH: /usr/local/sbin
PATH: /usr/local/bin
PATH: /usr/sbin
PATH: /usr/bin
PATH: /sbin
PATH: /bin
PATH: /usr/games
PATH: /usr/local/games
PATH: /snap/bin


## ----------- ##
## Core tests. ##
## ----------- ##

configure:2407: checking build system type
configure:2421: result: x86_64-pc-linux-gnu
configure:2441: checking host system type
configure:2454: result: x86_64-pc-linux-gnu
configure:2474: checking target system type
configure:2487: result: x86_64-pc-linux-gnu
configure:2531: checking for a BSD-compatible install
configure:2599: result: /usr/bin/install -c
configure:2610: checking whether build environment is sane
configure:2665: result: yes
configure:2816: checking for a thread-safe mkdir -p
configure:2855: result: /bin/mkdir -p
configure:2862: checking for gawk
configure:2878: found /usr/bin/gawk
configure:2889: result: gawk
configure:2900: checking whether make sets $(MAKE)
configure:2922: result: yes
configure:2951: checking whether make supports nested variables
configure:2968: result: yes
configure:3096: checking whether to enable maintainer-specific portions of Makefiles
configure:3105: result: no
configure:3209: checking for texi2html
configure:3239: result: no
configure:3264: checking for texi2dvi
configure:3294: result: no
configure:3308: checking for convert
configure:3324: found /usr/bin/convert
configure:3335: result: convert
configure:3429: checking for style of include used by make
configure:3457: result: GNU
configure:3528: checking for gcc
configure:3544: found /usr/bin/gcc
configure:3555: result: gcc
configure:3784: checking for C compiler version
configure:3793: gcc --version >&5
gcc (Ubuntu 7.3.0-27ubuntu1~18.04) 7.3.0
Copyright (C) 2017 Free Software Foundation, Inc.
This is free software; see the source for copying conditions.  There is NO
warranty; not even for MERCHANTABILITY or FITNESS FOR A PARTICULAR PURPOSE.

configure:3804: $? = 0
configure:3793: gcc -v >&5
Using built-in specs.
COLLECT_GCC=gcc
COLLECT_LTO_WRAPPER=/usr/lib/gcc/x86_64-linux-gnu/7/lto-wrapper
OFFLOAD_TARGET_NAMES=nvptx-none
OFFLOAD_TARGET_DEFAULT=1
Target: x86_64-linux-gnu
Configured with: ../src/configure -v --with-pkgversion='Ubuntu 7.3.0-27ubuntu1~18.04' --with-bugurl=file:///usr/share/doc/gcc-7/README.Bugs --enable-languages=c,ada,c++,go,brig,d,fortran,objc,obj-c++ --prefix=/usr --with-gcc-major-version-only --program-suffix=-7 --program-prefix=x86_64-linux-gnu- --enable-shared --enable-linker-build-id --libexecdir=/usr/lib --without-included-gettext --enable-threads=posix --libdir=/usr/lib --enable-nls --with-sysroot=/ --enable-clocale=gnu --enable-libstdcxx-debug --enable-libstdcxx-time=yes --with-default-libstdcxx-abi=new --enable-gnu-unique-object --disable-vtable-verify --enable-libmpx --enable-plugin --enable-default-pie --with-system-zlib --with-target-system-zlib --enable-objc-gc=auto --enable-multiarch --disable-werror --with-arch-32=i686 --with-abi=m64 --with-multilib-list=m32,m64,mx32 --enable-multilib --with-tune=generic --enable-offload-targets=nvptx-none --without-cuda-driver --enable-checking=release --build=x86_64-linux-gnu --host=x86_64-linux-gnu --target=x86_64-linux-gnu
Thread model: posix
gcc version 7.3.0 (Ubuntu 7.3.0-27ubuntu1~18.04) 
configure:3804: $? = 0
configure:3793: gcc -V >&5
gcc: error: unrecognized command line option '-V'
gcc: fatal error: no input files
compilation terminated.
configure:3804: $? = 1
configure:3793: gcc -qversion >&5
gcc: error: unrecognized command line option '-qversion'; did you mean '--version'?
gcc: fatal error: no input files
compilation terminated.
configure:3804: $? = 1
configure:3824: checking whether the C compiler works
configure:3846: gcc    conftest.c  >&5
configure:3850: $? = 0
configure:3898: result: yes
configure:3901: checking for C compiler default output file name
configure:3903: result: a.out
configure:3909: checking for suffix of executables
configure:3916: gcc -o conftest    conftest.c  >&5
configure:3920: $? = 0
configure:3942: result: 
configure:3964: checking whether we are cross compiling
configure:3972: gcc -o conftest    conftest.c  >&5
configure:3976: $? = 0
configure:3983: ./conftest
configure:3987: $? = 0
configure:4002: result: no
configure:4007: checking for suffix of object files
configure:4029: gcc -c   conftest.c >&5
configure:4033: $? = 0
configure:4054: result: o
configure:4058: checking whether we are using the GNU C compiler
configure:4077: gcc -c   conftest.c >&5
configure:4077: $? = 0
configure:4086: result: yes
configure:4095: checking whether gcc accepts -g
configure:4115: gcc -c -g  conftest.c >&5
configure:4115: $? = 0
configure:4156: result: yes
configure:4173: checking for gcc option to accept ISO C89
configure:4236: gcc  -c -g -O2  conftest.c >&5
configure:4236: $? = 0
configure:4249: result: none needed
configure:4274: checking whether gcc understands -c and -o together
configure:4296: gcc -c conftest.c -o conftest2.o
configure:4299: $? = 0
configure:4296: gcc -c conftest.c -o conftest2.o
configure:4299: $? = 0
configure:4311: result: yes
configure:4330: checking dependency style of gcc
configure:4441: result: gcc3
configure:4530: checking how to run the C preprocessor
configure:4561: gcc -E  conftest.c
configure:4561: $? = 0
configure:4575: gcc -E  conftest.c
conftest.c:11:10: fatal error: ac_nonexistent.h: No such file or directory
 #include <ac_nonexistent.h>
          ^~~~~~~~~~~~~~~~~~
compilation terminated.
configure:4575: $? = 1
configure: failed program was:
| /* confdefs.h */
| #define PACKAGE_NAME "xforms"
| #define PACKAGE_TARNAME "xforms"
| #define PACKAGE_VERSION "1.2.5pre2"
| #define PACKAGE_STRING "xforms 1.2.5pre2"
| #define PACKAGE_BUGREPORT "xforms-development@nongnu.org"
| #define PACKAGE_URL ""
| #define PACKAGE "xforms"
| #define VERSION "1.2.5pre2"
| /* end confdefs.h.  */
| #include <ac_nonexistent.h>
configure:4600: result: gcc -E
configure:4620: gcc -E  conftest.c
configure:4620: $? = 0
configure:4634: gcc -E  conftest.c
conftest.c:11:10: fatal error: ac_nonexistent.h: No such file or directory
 #include <ac_nonexistent.h>
          ^~~~~~~~~~~~~~~~~~
compilation terminated.
configure:4634: $? = 1
configure: failed program was:
| /* confdefs.h */
| #define PACKAGE_NAME "xforms"
| #define PACKAGE_TARNAME "xforms"
| #define PACKAGE_VERSION "1.2.5pre2"
| #define PACKAGE_STRING "xforms 1.2.5pre2"
| #define PACKAGE_BUGREPORT "xforms-development@nongnu.org"
| #define PACKAGE_URL ""
| #define PACKAGE "xforms"
| #define VERSION "1.2.5pre2"
| /* end confdefs.h.  */
| #include <ac_nonexistent.h>
configure:4663: checking whether make sets $(MAKE)
configure:4685: result: yes
configure:4699: checking for library containing strerror
configure:4730: gcc -o conftest -O   conftest.c  >&5
configure:4730: $? = 0
configure:4747: result: none required
configure:4756: checking for grep that handles long lines and -e
configure:4814: result: /bin/grep
configure:4819: checking for egrep
configure:4881: result: /bin/grep -E
configure:4886: checking for ANSI C header files
configure:4906: gcc -c -O  conftest.c >&5
configure:4906: $? = 0
configure:4979: gcc -o conftest -O   conftest.c  >&5
configure:4979: $? = 0
configure:4979: ./conftest
configure:4979: $? = 0
configure:4990: result: yes
configure:5003: checking for sys/types.h
configure:5003: gcc -c -O  conftest.c >&5
configure:5003: $? = 0
configure:5003: result: yes
configure:5003: checking for sys/stat.h
configure:5003: gcc -c -O  conftest.c >&5
configure:5003: $? = 0
configure:5003: result: yes
configure:5003: checking for stdlib.h
configure:5003: gcc -c -O  conftest.c >&5
configure:5003: $? = 0
configure:5003: result: yes
configure:5003: checking for string.h
configure:5003: gcc -c -O  conftest.c >&5
configure:5003: $? = 0
configure:5003: result: yes
configure:5003: checking for memory.h
configure:5003: gcc -c -O  conftest.c >&5
configure:5003: $? = 0
configure:5003: result: yes
configure:5003: checking for strings.h
configure:5003: gcc -c -O  conftest.c >&5
configure:5003: $? = 0
configure:5003: result: yes
configure:5003: checking for inttypes.h
configure:5003: gcc -c -O  conftest.c >&5
configure:5003: $? = 0
configure:5003: result: yes
configure:5003: checking for stdint.h
configure:5003: gcc -c -O  conftest.c >&5
configure:5003: $? = 0
configure:5003: result: yes
configure:5003: checking for unistd.h
configure:5003: gcc -c -O  conftest.c >&5
configure:5003: $? = 0
configure:5003: result: yes
configure:5016: checking minix/config.h usability
configure:5016: gcc -c -O  conftest.c >&5
conftest.c:54:10: fatal error: minix/config.h: No such file or directory
 #include <minix/config.h>
          ^~~~~~~~~~~~~~~~
compilation terminated.
configure:5016: $? = 1
configure: failed program was:
| /* confdefs.h */
| #define PACKAGE_NAME "xforms"
| #define PACKAGE_TARNAME "xforms"
| #define PACKAGE_VERSION "1.2.5pre2"
| #define PACKAGE_STRING "xforms 1.2.5pre2"
| #define PACKAGE_BUGREPORT "xforms-development@nongnu.org"
| #define PACKAGE_URL ""
| #define PACKAGE "xforms"
| #define VERSION "1.2.5pre2"
| #define STDC_HEADERS 1
| #define HAVE_SYS_TYPES_H 1
| #define HAVE_SYS_STAT_H 1
| #define HAVE_STDLIB_H 1
| #define HAVE_STRING_H 1
| #define HAVE_MEMORY_H 1
| #define HAVE_STRINGS_H 1
| #define HAVE_INTTYPES_H 1
| #define HAVE_STDINT_H 1
| #define HAVE_UNISTD_H 1
| /* end confdefs.h.  */
| #include <stdio.h>
| #ifdef HAVE_SYS_TYPES_H
| # include <sys/types.h>
| #endif
| #ifdef HAVE_SYS_STAT_H
| # include <sys/stat.h>
| #endif
| #ifdef STDC_HEADERS
| # include <stdlib.h>
| # include <stddef.h>
| #else
| # ifdef HAVE_STDLIB_H
| #  include <stdlib.h>
| # endif
| #endif
| #ifdef HAVE_STRING_H
| # if !defined STDC_HEADERS && defined HAVE_MEMORY_H
| #  include <memory.h>
| # endif
| # include <string.h>
| #endif
| #ifdef HAVE_STRINGS_H
| # include <strings.h>
| #endif
| #ifdef HAVE_INTTYPES_H
| # include <inttypes.h>
| #endif
| #ifdef HAVE_STDINT_H
| # include <stdint.h>
| #endif
| #ifdef HAVE_UNISTD_H
| # include <unistd.h>
| #endif
| #include <minix/config.h>
configure:5016: result: no
configure:5016: checking minix/config.h presence
configure:5016: gcc -E  conftest.c
conftest.c:21:10: fatal error: minix/config.h: No such file or directory
 #include <minix/config.h>
          ^~~~~~~~~~~~~~~~
compilation terminated.
configure:5016: $? = 1
configure: failed program was:
| /* confdefs.h */
| #define PACKAGE_NAME "xforms"
| #define PACKAGE_TARNAME "xforms"
| #define PACKAGE_VERSION "1.2.5pre2"
| #define PACKAGE_STRING "xforms 1.2.5pre2"
| #define PACKAGE_BUGREPORT "xforms-development@nongnu.org"
| #define PACKAGE_URL ""
| #define PACKAGE "xforms"
| #define VERSION "1.2.5pre2"
| #define STDC_HEADERS 1
| #define HAVE_SYS_TYPES_H 1
| #define HAVE_SYS_STAT_H 1
| #define HAVE_STDLIB_H 1
| #define HAVE_STRING_H 1
| #define HAVE_MEMORY_H 1
| #define HAVE_STRINGS_H 1
| #define HAVE_INTTYPES_H 1
| #define HAVE_STDINT_H 1
| #define HAVE_UNISTD_H 1
| /* end confdefs.h.  */
| #include <minix/config.h>
configure:5016: result: no
configure:5016: checking for minix/config.h
configure:5016: result: no
configure:5037: checking whether it is safe to define __EXTENSIONS__
configure:5055: gcc -c -O  conftest.c >&5
configure:5055: $? = 0
configure:5062: result: yes
configure:5190: checking how to print strings
configure:5217: result: printf
configure:5238: checking for a sed that does not truncate output
configure:5302: result: /bin/sed
configure:5320: checking for fgrep
configure:5382: result: /bin/grep -F
configure:5417: checking for ld used by gcc
configure:5484: result: /usr/bin/ld
configure:5491: checking if the linker (/usr/bin/ld) is GNU ld
configure:5506: result: yes
configure:5518: checking for BSD- or MS-compatible name lister (nm)
configure:5572: result: /usr/bin/nm -B
configure:5702: checking the name lister (/usr/bin/nm -B) interface
configure:5709: gcc -c -O  conftest.c >&5
configure:5712: /usr/bin/nm -B "conftest.o"
configure:5715: output
0000000000000000 B some_variable
configure:5722: result: BSD nm
configure:5725: checking whether ln -s works
configure:5729: result: yes
configure:5737: checking the maximum length of command line arguments
configure:5868: result: 1572864
configure:5916: checking how to convert x86_64-pc-linux-gnu file names to x86_64-pc-linux-gnu format
configure:5956: result: func_convert_file_noop
configure:5963: checking how to convert x86_64-pc-linux-gnu file names to toolchain format
configure:5983: result: func_convert_file_noop
configure:5990: checking for /usr/bin/ld option to reload object files
configure:5997: result: -r
configure:6071: checking for objdump
configure:6087: found /usr/bin/objdump
configure:6098: result: objdump
configure:6130: checking how to recognize dependent libraries
configure:6330: result: pass_all
configure:6415: checking for dlltool
configure:6445: result: no
configure:6475: checking how to associate runtime and link libraries
configure:6502: result: printf %s\n
configure:6562: checking for ar
configure:6578: found /usr/bin/ar
configure:6589: result: ar
configure:6626: checking for archiver @FILE support
configure:6643: gcc -c -O  conftest.c >&5
configure:6643: $? = 0
configure:6646: ar cru libconftest.a @conftest.lst >&5
ar: `u' modifier ignored since `D' is the default (see `U')
configure:6649: $? = 0
configure:6654: ar cru libconftest.a @conftest.lst >&5
ar: `u' modifier ignored since `D' is the default (see `U')
ar: conftest.o: No such file or directory
configure:6657: $? = 1
configure:6669: result: @
configure:6727: checking for strip
configure:6743: found /usr/bin/strip
configure:6754: result: strip
configure:6826: checking for ranlib
configure:6842: found /usr/bin/ranlib
configure:6853: result: ranlib
configure:6955: checking command to parse /usr/bin/nm -B output from gcc object
configure:7108: gcc -c -O  conftest.c >&5
configure:7111: $? = 0
configure:7115: /usr/bin/nm -B conftest.o \| sed -n -e 's/^.*[ ]\([ABCDGIRSTW][ABCDGIRSTW]*\)[ ][ ]*\([_A-Za-z][_A-Za-z0-9]*\)$/\1 \2 \2/p' | sed '/ __gnu_lto/d' \> conftest.nm
configure:7118: $? = 0
configure:7184: gcc -o conftest -O   conftest.c conftstm.o >&5
configure:7187: $? = 0
configure:7225: result: ok
configure:7272: checking for sysroot
configure:7302: result: no
configure:7309: checking for a working dd
configure:7347: result: /bin/dd
configure:7351: checking how to truncate binary pipes
configure:7366: result: /bin/dd bs=4096 count=1
configure:7502: gcc -c -O  conftest.c >&5
configure:7505: $? = 0
configure:7695: checking for mt
configure:7711: found /bin/mt
configure:7722: result: mt
configure:7745: checking if mt is a manifest tool
configure:7751: mt '-?'
configure:7759: result: no
configure:8433: checking for dlfcn.h
configure:8433: gcc -c -O  conftest.c >&5
configure:8433: $? = 0
configure:8433: result: yes
configure:8689: checking for objdir
configure:8704: result: .libs
configure:8968: checking if gcc supports -fno-rtti -fno-exceptions
configure:8986: gcc -c -O  -fno-rtti -fno-exceptions conftest.c >&5
cc1: warning: command line option '-fno-rtti' is valid for C++/ObjC++ but not for C
configure:8990: $? = 0
configure:9003: result: no
configure:9361: checking for gcc option to produce PIC
configure:9368: result: -fPIC -DPIC
configure:9376: checking if gcc PIC flag -fPIC -DPIC works
configure:9394: gcc -c -O  -fPIC -DPIC -DPIC conftest.c >&5
configure:9398: $? = 0
configure:9411: result: yes
configure:9440: checking if gcc static flag -static works
configure:9468: result: yes
configure:9483: checking if gcc supports -c -o file.o
configure:9504: gcc -c -O  -o out/conftest2.o conftest.c >&5
configure:9508: $? = 0
configure:9530: result: yes
configure:9538: checking if gcc supports -c -o file.o
configure:9585: result: yes
configure:9618: checking whether the gcc linker (/usr/bin/ld -m elf_x86_64) supports shared libraries
configure:10881: result: yes
configure:11121: checking dynamic linker characteristics
configure:11702: gcc -o conftest -O   -Wl,-rpath -Wl,/foo conftest.c  >&5
configure:11702: $? = 0
configure:11951: result: GNU/Linux ld.so
configure:12073: checking how to hardcode library paths into programs
configure:12098: result: immediate
configure:12646: checking whether stripping libraries is possible
configure:12651: result: yes
configure:12686: checking if libtool supports shared libraries
configure:12688: result: yes
configure:12691: checking whether to build shared libraries
configure:12716: result: no
configure:12719: checking whether to build static libraries
configure:12723: result: yes
configure:12776: checking for extra library directory
configure:12789: result: NONE
configure:12821: checking for extra include directory
configure:12834: result: NONE
configure:12857: checking for extra lib+include directory
configure:12870: result: NONE
configure:12896: checking for an ANSI C-conforming const
configure:12962: gcc -c -O  conftest.c >&5
configure:12962: $? = 0
configure:12969: result: yes
configure:12976: checking for pid_t
configure:12976: gcc -c -O  conftest.c >&5
configure:12976: $? = 0
configure:12976: gcc -c -O  conftest.c >&5
conftest.c: In function 'main':
conftest.c:64:20: error: expected expression before ')' token
 if (sizeof ((pid_t)))
                    ^
configure:12976: $? = 1
configure: failed program was:
| /* confdefs.h */
| #define PACKAGE_NAME "xforms"
| #define PACKAGE_TARNAME "xforms"
| #define PACKAGE_VERSION "1.2.5pre2"
| #define PACKAGE_STRING "xforms 1.2.5pre2"
| #define PACKAGE_BUGREPORT "xforms-development@nongnu.org"
| #define PACKAGE_URL ""
| #define PACKAGE "xforms"
| #define VERSION "1.2.5pre2"
| #define STDC_HEADERS 1
| #define HAVE_SYS_TYPES_H 1
| #define HAVE_SYS_STAT_H 1
| #define HAVE_STDLIB_H 1
| #define HAVE_STRING_H 1
| #define HAVE_MEMORY_H 1
| #define HAVE_STRINGS_H 1
| #define HAVE_INTTYPES_H 1
| #define HAVE_STDINT_H 1
| #define HAVE_UNISTD_H 1
| #define __EXTENSIONS__ 1
| #define _ALL_SOURCE 1
| #define _GNU_SOURCE 1
| #define _POSIX_PTHREAD_SEMANTICS 1
| #define _TANDEM_SOURCE 1
| #define HAVE_DLFCN_H 1
| #define LT_OBJDIR ".libs/"
| /* end confdefs.h.  */
| #include <stdio.h>
| #ifdef HAVE_SYS_TYPES_H
| # include <sys/types.h>
| #endif
| #ifdef HAVE_SYS_STAT_H
| # include <sys/stat.h>
| #endif
| #ifdef STDC_HEADERS
| # include <stdlib.h>
| # include <stddef.h>
| #else
| # ifdef HAVE_STDLIB_H
| #  include <stdlib.h>
| # endif
| #endif
| #ifdef HAVE_STRING_H
| # if !defined STDC_HEADERS && defined HAVE_MEMORY_H
| #  include <memory.h>
| # endif
| # include <string.h>
| #endif
| #ifdef HAVE_STRINGS_H
| # include <strings.h>
| #endif
| #ifdef HAVE_INTTYPES_H
| # include <inttypes.h>
| #endif
| #ifdef HAVE_STDINT_H
| # include <stdint.h>
| #endif
| #ifdef HAVE_UNISTD_H
| # include <unistd.h>
| #endif
| int
| main ()
| {
| if (sizeof ((pid_t)))
| 	    return 0;
|   ;
|   return 0;
| }
configure:12976: result: yes
configure:12987: checking for size_t
configure:12987: gcc -c -O  conftest.c >&5
configure:12987: $? = 0
configure:12987: gcc -c -O  conftest.c >&5
conftest.c: In function 'main':
conftest.c:64:21: error: expected expression before ')' token
 if (sizeof ((size_t)))
                     ^
configure:12987: $? = 1
configure: failed program was:
| /* confdefs.h */
| #define PACKAGE_NAME "xforms"
| #define PACKAGE_TARNAME "xforms"
| #define PACKAGE_VERSION "1.2.5pre2"
| #define PACKAGE_STRING "xforms 1.2.5pre2"
| #define PACKAGE_BUGREPORT "xforms-development@nongnu.org"
| #define PACKAGE_URL ""
| #define PACKAGE "xforms"
| #define VERSION "1.2.5pre2"
| #define STDC_HEADERS 1
| #define HAVE_SYS_TYPES_H 1
| #define HAVE_SYS_STAT_H 1
| #define HAVE_STDLIB_H 1
| #define HAVE_STRING_H 1
| #define HAVE_MEMORY_H 1
| #define HAVE_STRINGS_H 1
| #define HAVE_INTTYPES_H 1
| #define HAVE_STDINT_H 1
| #define HAVE_UNISTD_H 1
| #define __EXTENSIONS__ 1
| #define _ALL_SOURCE 1
| #define _GNU_SOURCE 1
| #define _POSIX_PTHREAD_SEMANTICS 1
| #define _TANDEM_SOURCE 1
| #define HAVE_DLFCN_H 1
| #define LT_OBJDIR ".libs/"
| /* end confdefs.h.  */
| #include <stdio.h>
| #ifdef HAVE_SYS_TYPES_H
| # include <sys/types.h>
| #endif
| #ifdef HAVE_SYS_STAT_H
| # include <sys/stat.h>
| #endif
| #ifdef STDC_HEADERS
| # include <stdlib.h>
| # include <stddef.h>
| #else
| # ifdef HAVE_STDLIB_H
| #  include <stdlib.h>
| # endif
| #endif
| #ifdef HAVE_STRING_H
| # if !defined STDC_HEADERS && defined HAVE_MEMORY_H
| #  include <memory.h>
| # endif
| # include <string.h>
| #endif
| #ifdef HAVE_STRINGS_H
| # include <strings.h>
| #endif
| #ifdef HAVE_INTTYPES_H
| # include <inttypes.h>
| #endif
| #ifdef HAVE_STDINT_H
| # include <stdint.h>
| #endif
| #ifdef HAVE_UNISTD_H
| # include <unistd.h>
| #endif
| int
| main ()
| {
| if (sizeof ((size_t)))
| 	    return 0;
|   ;
|   return 0;
| }
configure:12987: result: yes
configure:13001: checking for sin in -lm
configure:13026: gcc -o conftest -O   conftest.c -lm   >&5
conftest.c:35:6: warning: conflicting types for built-in function 'sin' [-Wbuiltin-declaration-mismatch]
 char sin ();
      ^~~
configure:13026: $? = 0
configure:13035: result: yes
configure:13046: checking for fopen in -lc
configure:13071: gcc -o conftest -O   conftest.c -lc  -lm  >&5
configure:13071: $? = 0
configure:13080: result: yes
configure:13096: checking sys/select.h usability
configure:13096: gcc -c -O  conftest.c >&5
configure:13096: $? = 0
configure:13096: result: yes
configure:13096: checking sys/select.h presence
configure:13096: gcc -E  conftest.c
configure:13096: $? = 0
configure:13096: result: yes
configure:13096: checking for sys/select.h
configure:13096: result: yes
configure:13137: checking for X
configure:13245: gcc -E  conftest.c
configure:13245: $? = 0
configure:13276: gcc -o conftest -O   conftest.c -lX11 -lc -lm  >&5
configure:13276: $? = 0
configure:13326: result: libraries , headers 
configure:13425: gcc -o conftest -O   conftest.c -lc -lm   -lX11 >&5
configure:13425: $? = 0
configure:13523: checking for gethostbyname
configure:13523: gcc -o conftest -O   conftest.c -lc -lm  >&5
configure:13523: $? = 0
configure:13523: result: yes
configure:13620: checking for connect
configure:13620: gcc -o conftest -O   conftest.c -lc -lm  >&5
configure:13620: $? = 0
configure:13620: result: yes
configure:13669: checking for remove
configure:13669: gcc -o conftest -O   conftest.c -lc -lm  >&5
configure:13669: $? = 0
configure:13669: result: yes
configure:13718: checking for shmat
configure:13718: gcc -o conftest -O   conftest.c -lc -lm  >&5
configure:13718: $? = 0
configure:13718: result: yes
configure:13776: checking for IceConnectionNumber in -lICE
configure:13801: gcc -o conftest -O   conftest.c -lICE  -lc -lm  >&5
configure:13801: $? = 0
configure:13810: result: yes
configure:13824: checking for XpmCreateBufferFromImage in -lXpm
configure:13849: gcc -o conftest -O   conftest.c -lXpm   -lSM -lICE -lc -lm   -lX11  >&5
configure:13849: $? = 0
configure:13858: result: yes
configure:13879: checking X11/xpm.h usability
configure:13879: gcc -c -O   conftest.c >&5
configure:13879: $? = 0
configure:13879: result: yes
configure:13879: checking X11/xpm.h presence
configure:13879: gcc -E   conftest.c
configure:13879: $? = 0
configure:13879: result: yes
configure:13879: checking for X11/xpm.h
configure:13879: result: yes
configure:13913: checking xpm header version
configure:13938: result: .
configure:13958: checking for jpeg_CreateDecompress in -ljpeg
configure:13983: gcc -o conftest -O   conftest.c -ljpeg  -lc -lm  >&5
configure:13983: $? = 0
configure:13992: result: yes
configure:14011: checking return type of signal handlers
configure:14029: gcc -c -O  conftest.c >&5
conftest.c: In function 'main':
conftest.c:38:10: error: void value not ignored as it ought to be
 return *(signal (0, 0)) (0) == 1;
         ~^~~~~~~~~~~~~~~~~~
configure:14029: $? = 1
configure: failed program was:
| /* confdefs.h */
| #define PACKAGE_NAME "xforms"
| #define PACKAGE_TARNAME "xforms"
| #define PACKAGE_VERSION "1.2.5pre2"
| #define PACKAGE_STRING "xforms 1.2.5pre2"
| #define PACKAGE_BUGREPORT "xforms-development@nongnu.org"
| #define PACKAGE_URL ""
| #define PACKAGE "xforms"
| #define VERSION "1.2.5pre2"
| #define STDC_HEADERS 1
| #define HAVE_SYS_TYPES_H 1
| #define HAVE_SYS_STAT_H 1
| #define HAVE_STDLIB_H 1
| #define HAVE_STRING_H 1
| #define HAVE_MEMORY_H 1
| #define HAVE_STRINGS_H 1
| #define HAVE_INTTYPES_H 1
| #define HAVE_STDINT_H 1
| #define HAVE_UNISTD_H 1
| #define __EXTENSIONS__ 1
| #define _ALL_SOURCE 1
| #define _GNU_SOURCE 1
| #define _POSIX_PTHREAD_SEMANTICS 1
| #define _TANDEM_SOURCE 1
| #define HAVE_DLFCN_H 1
| #define LT_OBJDIR ".libs/"
| #define HAVE_LIBM 1
| #define HAVE_LIBC 1
| #define HAVE_SYS_SELECT_H 1
| #define XPM_H_LOCATION <X11/xpm.h>
| /* end confdefs.h.  */
| #include <sys/types.h>
| #include <signal.h>
| 
| int
| main ()
| {
| return *(signal (0, 0)) (0) == 1;
|   ;
|   return 0;
| }
configure:14036: result: void
configure:14052: checking for snprintf
configure:14052: gcc -o conftest -O   conftest.c -lc -lm  >&5
conftest.c:57:6: warning: conflicting types for built-in function 'snprintf' [-Wbuiltin-declaration-mismatch]
 char snprintf ();
      ^~~~~~~~
configure:14052: $? = 0
configure:14052: result: yes
configure:14052: checking for strcasecmp
configure:14052: gcc -o conftest -O   conftest.c -lc -lm  >&5
conftest.c:58:6: warning: conflicting types for built-in function 'strcasecmp' [-Wbuiltin-declaration-mismatch]
 char strcasecmp ();
      ^~~~~~~~~~
configure:14052: $? = 0
configure:14052: result: yes
configure:14052: checking for strerror
configure:14052: gcc -o conftest -O   conftest.c -lc -lm  >&5
configure:14052: $? = 0
configure:14052: result: yes
configure:14052: checking for usleep
configure:14052: gcc -o conftest -O   conftest.c -lc -lm  >&5
configure:14052: $? = 0
configure:14052: result: yes
configure:14052: checking for nanosleep
configure:14052: gcc -o conftest -O   conftest.c -lc -lm  >&5
configure:14052: $? = 0
configure:14052: result: yes
configure:14052: checking for vsnprintf
configure:14052: gcc -o conftest -O   conftest.c -lc -lm  >&5
conftest.c:62:6: warning: conflicting types for built-in function 'vsnprintf' [-Wbuiltin-declaration-mismatch]
 char vsnprintf ();
      ^~~~~~~~~
configure:14052: $? = 0
configure:14052: result: yes
configure:14052: checking for vasprintf
configure:14052: gcc -o conftest -O   conftest.c -lc -lm  >&5
configure:14052: $? = 0
configure:14052: result: yes
configure:14052: checking for sigaction
configure:14052: gcc -o conftest -O   conftest.c -lc -lm  >&5
configure:14052: $? = 0
configure:14052: result: yes
configure:14064: checking if snprintf is declared by header stdio.h
configure:14073: result: yes
configure:14090: checking if vsnprintf is declared by header stdio.h
configure:14099: result: yes
configure:14116: checking if vasprintf is declared by header stdio.h
configure:14125: result: yes
configure:14142: checking if sigaction is declared by header signal.h
configure:14151: result: yes
configure:14300: checking that generated files are newer than configure
configure:14306: result: done
configure:14361: creating ./config.status

## ---------------------- ##
## Running config.status. ##
## ---------------------- ##

This file was extended by xforms config.status 1.2.5pre2, which was
generated by GNU Autoconf 2.69.  Invocation command line was

  CONFIG_FILES    = 
  CONFIG_HEADERS  = 
  CONFIG_LINKS    = 
  CONFIG_COMMANDS = 
  $ ./config.status 

on dumitru-OptiPlex

config.status:1163: creating Makefile
config.status:1163: creating libforms.spec
config.status:1163: creating lib/include/AAA.h
config.status:1163: creating config/Makefile
config.status:1163: creating lib/Makefile
config.status:1163: creating lib/bitmaps/Makefile
config.status:1163: creating lib/fd/Makefile
config.status:1163: creating lib/include/Makefile
config.status:1163: creating lib/private/Makefile
config.status:1163: creating image/Makefile
config.status:1163: creating gl/Makefile
config.status:1163: creating fdesign/Makefile
config.status:1163: creating fdesign/fd/Makefile
config.status:1163: creating fdesign/spec/Makefile
config.status:1163: creating fdesign/xpm/Makefile
config.status:1163: creating fd2ps/Makefile
config.status:1163: creating fd2ps/test/Makefile
config.status:1163: creating demos/Makefile
config.status:1163: creating demos/fd/Makefile
config.status:1163: creating doc/Makefile
config.status:1163: creating doc/xforms_images/Makefile
config.status:1163: creating lib/config.h
config.status:1392: executing depfiles commands
config.status:1392: executing libtool commands

## ---------------- ##
## Cache variables. ##
## ---------------- ##

ac_cv_build=x86_64-pc-linux-gnu
ac_cv_c_compiler_gnu=yes
ac_cv_c_const=yes
ac_cv_env_CC_set=
ac_cv_env_CC_value=
ac_cv_env_CFLAGS_set=
ac_cv_env_CFLAGS_value=
ac_cv_env_CPPFLAGS_set=
ac_cv_env_CPPFLAGS_value=
ac_cv_env_CPP_set=
ac_cv_env_CPP_value=
ac_cv_env_LDFLAGS_set=
ac_cv_env_LDFLAGS_value=
ac_cv_env_LIBS_set=
ac_cv_env_LIBS_value=
ac_cv_env_LT_SYS_LIBRARY_PATH_set=
ac_cv_env_LT_SYS_LIBRARY_PATH_value=
ac_cv_env_XMKMF_set=
ac_cv_env_XMKMF_value=
ac_cv_env_build_alias_set=
ac_cv_env_build_alias_value=
ac_cv_env_host_alias_set=
ac_cv_env_host_alias_value=
ac_cv_env_target_alias_set=
ac_cv_env_target_alias_value=
ac_cv_func_connect=yes
ac_cv_func_gethostbyname=yes
ac_cv_func_nanosleep=yes
ac_cv_func_remove=yes
ac_cv_func_shmat=yes
ac_cv_func_sigaction=yes
ac_cv_func_snprintf=yes
ac_cv_func_strcasecmp=yes
ac_cv_func_strerror=yes
ac_cv_func_usleep=yes
ac_cv_func_vasprintf=yes
ac_cv_func_vsnprintf=yes
ac_cv_have_x='have_x=yes	ac_x_includes='\'''\''	ac_x_libraries='\'''\'''
ac_cv_header_X11_xpm_h=yes
ac_cv_header_dlfcn_h=yes
ac_cv_header_inttypes_h=yes
ac_cv_header_memory_h=yes
ac_cv_header_minix_config_h=no
ac_cv_header_stdc=yes
ac_cv_header_stdint_h=yes
ac_cv_header_stdlib_h=yes
ac_cv_header_string_h=yes
ac_cv_header_strings_h=yes
ac_cv_header_sys_select_h=yes
ac_cv_header_sys_stat_h=yes
ac_cv_header_sys_types_h=yes
ac_cv_header_unistd_h=yes
ac_cv_header_xpm_h=yes
ac_cv_host=x86_64-pc-linux-gnu
ac_cv_lib_ICE_IceConnectionNumber=yes
ac_cv_lib_Xpm_XpmCreateBufferFromImage=yes
ac_cv_lib_c_fopen=yes
ac_cv_lib_jpeg_jpeg_CreateDecompress=yes
ac_cv_lib_m_sin=yes
ac_cv_objext=o
ac_cv_path_EGREP='/bin/grep -E'
ac_cv_path_FGREP='/bin/grep -F'
ac_cv_path_GREP=/bin/grep
ac_cv_path_SED=/bin/sed
ac_cv_path_install='/usr/bin/install -c'
ac_cv_path_lt_DD=/bin/dd
ac_cv_path_mkdir=/bin/mkdir
ac_cv_prog_AWK=gawk
ac_cv_prog_CONVERT=convert
ac_cv_prog_CPP='gcc -E'
ac_cv_prog_ac_ct_AR=ar
ac_cv_prog_ac_ct_CC=gcc
ac_cv_prog_ac_ct_MANIFEST_TOOL=mt
ac_cv_prog_ac_ct_OBJDUMP=objdump
ac_cv_prog_ac_ct_RANLIB=ranlib
ac_cv_prog_ac_ct_STRIP=strip
ac_cv_prog_cc_c89=
ac_cv_prog_cc_g=yes
ac_cv_prog_make_make_set=yes
ac_cv_safe_to_define___extensions__=yes
ac_cv_search_strerror='none required'
ac_cv_target=x86_64-pc-linux-gnu
ac_cv_type_pid_t=yes
ac_cv_type_signal=void
ac_cv_type_size_t=yes
am_cv_CC_dependencies_compiler_type=gcc3
am_cv_make_support_nested_variables=yes
am_cv_prog_cc_c_o=yes
lt_cv_ar_at_file=@
lt_cv_deplibs_check_method=pass_all
lt_cv_file_magic_cmd='$MAGIC_CMD'
lt_cv_file_magic_test_file=
lt_cv_ld_reload_flag=-r
lt_cv_nm_interface='BSD nm'
lt_cv_objdir=.libs
lt_cv_path_LD=/usr/bin/ld
lt_cv_path_NM='/usr/bin/nm -B'
lt_cv_path_mainfest_tool=no
lt_cv_prog_compiler_c_o=yes
lt_cv_prog_compiler_pic='-fPIC -DPIC'
lt_cv_prog_compiler_pic_works=yes
lt_cv_prog_compiler_rtti_exceptions=no
lt_cv_prog_compiler_static_works=yes
lt_cv_prog_gnu_ld=yes
lt_cv_sharedlib_from_linklib_cmd='printf %s\n'
lt_cv_shlibpath_overrides_runpath=yes
lt_cv_sys_global_symbol_pipe='sed -n -e '\''s/^.*[	 ]\([ABCDGIRSTW][ABCDGIRSTW]*\)[	 ][	 ]*\([_A-Za-z][_A-Za-z0-9]*\)$/\1 \2 \2/p'\'' | sed '\''/ __gnu_lto/d'\'''
lt_cv_sys_global_symbol_to_c_name_address='sed -n -e '\''s/^: \(.*\) .*$/  {"\1", (void *) 0},/p'\'' -e '\''s/^[ABCDGIRSTW][ABCDGIRSTW]* .* \(.*\)$/  {"\1", (void *) \&\1},/p'\'''
lt_cv_sys_global_symbol_to_c_name_address_lib_prefix='sed -n -e '\''s/^: \(.*\) .*$/  {"\1", (void *) 0},/p'\'' -e '\''s/^[ABCDGIRSTW][ABCDGIRSTW]* .* \(lib.*\)$/  {"\1", (void *) \&\1},/p'\'' -e '\''s/^[ABCDGIRSTW][ABCDGIRSTW]* .* \(.*\)$/  {"lib\1", (void *) \&\1},/p'\'''
lt_cv_sys_global_symbol_to_cdecl='sed -n -e '\''s/^T .* \(.*\)$/extern int \1();/p'\'' -e '\''s/^[ABCDGIRSTW][ABCDGIRSTW]* .* \(.*\)$/extern char \1;/p'\'''
lt_cv_sys_global_symbol_to_import=
lt_cv_sys_max_cmd_len=1572864
lt_cv_to_host_file_cmd=func_convert_file_noop
lt_cv_to_tool_file_cmd=func_convert_file_noop
lt_cv_truncate_bin='/bin/dd bs=4096 count=1'
xforms_cv_extra_inc=NONE
xforms_cv_extra_lib=NONE
xforms_cv_extra_prefix=NONE
xforms_cv_xpm_h_location='<X11/xpm.h>'
xforms_cv_xpmversion=.

## ----------------- ##
## Output variables. ##
## ----------------- ##

ACLOCAL='${SHELL} /home/dumitru/work/pyforms/xforms/config/missing aclocal-1.15'
AMDEPBACKSLASH='\'
AMDEP_FALSE='#'
AMDEP_TRUE=''
AMTAR='$${TAR-tar}'
AM_BACKSLASH='\'
AM_DEFAULT_V='$(AM_DEFAULT_VERBOSITY)'
AM_DEFAULT_VERBOSITY='1'
AM_V='$(V)'
AR='ar'
AUTOCONF='${SHELL} /home/dumitru/work/pyforms/xforms/config/missing autoconf'
AUTOHEADER='${SHELL} /home/dumitru/work/pyforms/xforms/config/missing autoheader'
AUTOMAKE='${SHELL} /home/dumitru/work/pyforms/xforms/config/missing automake-1.15'
AWK='gawk'
BUILD_DEMOS_FALSE='#'
BUILD_DEMOS_TRUE=''
BUILD_DOCS_FALSE=''
BUILD_DOCS_TRUE='#'
BUILD_GL_FALSE=''
BUILD_GL_TRUE='#'
BUILD_HTML_DOCS_FALSE=''
BUILD_HTML_DOCS_TRUE='#'
BUILD_PDF_DOCS_FALSE=''
BUILD_PDF_DOCS_TRUE='#'
CC='gcc'
CCDEPMODE='depmode=gcc3'
CFLAGS='-O'
CONVERT='convert'
CPP='gcc -E'
CPPFLAGS=''
CYGPATH_W='echo'
DEFS='-DHAVE_CONFIG_H'
DEPDIR='.deps'
DLLTOOL='false'
DSYMUTIL=''
DUMPBIN=''
ECHO_C=''
ECHO_N='-n'
ECHO_T=''
EGREP='/bin/grep -E'
EXEEXT=''
FGREP='/bin/grep -F'
FL_FIXLEVEL='5pre2'
FL_REVISION='2'
FL_VERSION='1'
GREP='/bin/grep'
INSTALL_DATA='${INSTALL} -m 644'
INSTALL_PROGRAM='${INSTALL}'
INSTALL_SCRIPT='${INSTALL}'
INSTALL_STRIP_PROGRAM='$(install_sh) -c -s'
JPEG_LIB='-ljpeg'
LD='/usr/bin/ld -m elf_x86_64'
LDFLAGS=''
LIBOBJS=''
LIBS='-lc -lm '
LIBTOOL='$(SHELL) $(top_builddir)/libtool'
LIPO=''
LN_S='ln -s'
LTLIBOBJS=''
LT_SYS_LIBRARY_PATH=''
MAINT='#'
MAINTAINER_MODE_FALSE=''
MAINTAINER_MODE_TRUE='#'
MAKEINFO='${SHELL} /home/dumitru/work/pyforms/xforms/config/missing makeinfo'
MANIFEST_TOOL=':'
MKDIR_P='/bin/mkdir -p'
NM='/usr/bin/nm -B'
NMEDIT=''
OBJDUMP='objdump'
OBJEXT='o'
OTOOL64=''
OTOOL=''
PACKAGE='xforms'
PACKAGE_BUGREPORT='xforms-development@nongnu.org'
PACKAGE_NAME='xforms'
PACKAGE_STRING='xforms 1.2.5pre2'
PACKAGE_TARNAME='xforms'
PACKAGE_URL=''
PACKAGE_VERSION='1.2.5pre2'
PATH_SEPARATOR=':'
RANLIB='ranlib'
SED='/bin/sed'
SET_MAKE=''
SHELL='/bin/bash'
SO_VERSION='3:5:1'
STRIP='strip'
TEXI2DVI='no'
TEXI2DVI_NEEDS_PDF=''
TEXI2HTML='no'
USE_BWC_BS_HACK_FALSE=''
USE_BWC_BS_HACK_TRUE='#'
USE_CLASSIC_EDITKEYS_FALSE=''
USE_CLASSIC_EDITKEYS_TRUE='#'
VERSION='1.2.5pre2'
XMKMF=''
XPM_LIB='-lXpm'
X_CFLAGS=''
X_EXTRA_LIBS=''
X_LIBS=''
X_PRE_LIBS=' -lSM -lICE'
ac_ct_AR='ar'
ac_ct_CC='gcc'
ac_ct_DUMPBIN=''
am__EXEEXT_FALSE=''
am__EXEEXT_TRUE='#'
am__fastdepCC_FALSE='#'
am__fastdepCC_TRUE=''
am__include='include'
am__isrc=''
am__leading_dot='.'
am__nodep='_no'
am__quote=''
am__tar='$${TAR-tar} chof - "$$tardir"'
am__untar='$${TAR-tar} xf -'
bindir='${exec_prefix}/bin'
build='x86_64-pc-linux-gnu'
build_alias=''
build_cpu='x86_64'
build_os='linux-gnu'
build_vendor='pc'
datadir='${datarootdir}'
datarootdir='${prefix}/share'
docdir='${datarootdir}/doc/${PACKAGE_TARNAME}'
dvidir='${docdir}'
exec_prefix='${prefix}'
host='x86_64-pc-linux-gnu'
host_alias=''
host_cpu='x86_64'
host_os='linux-gnu'
host_vendor='pc'
htmldir='${docdir}'
includedir='${prefix}/include'
infodir='${datarootdir}/info'
install_sh='${SHELL} /home/dumitru/work/pyforms/xforms/config/install-sh'
libdir='${exec_prefix}/lib'
libexecdir='${exec_prefix}/libexec'
localedir='${datarootdir}/locale'
localstatedir='${prefix}/var'
mandir='${datarootdir}/man'
mkdir_p='$(MKDIR_P)'
oldincludedir='/usr/include'
pdfdir='${docdir}'
prefix='/home/dumitru/work/pyforms/build'
program_transform_name='s,x,x,'
psdir='${docdir}'
runstatedir='${localstatedir}/run'
sbindir='${exec_prefix}/sbin'
sharedstatedir='${prefix}/com'
sysconfdir='${prefix}/etc'
target='x86_64-pc-linux-gnu'
target_alias=''
target_cpu='x86_64'
target_os='linux-gnu'
target_vendor='pc'

## ----------- ##
## confdefs.h. ##
## ----------- ##

/* confdefs.h */
#define PACKAGE_NAME "xforms"
#define PACKAGE_TARNAME "xforms"
#define PACKAGE_VERSION "1.2.5pre2"
#define PACKAGE_STRING "xforms 1.2.5pre2"
#define PACKAGE_BUGREPORT "xforms-development@nongnu.org"
#define PACKAGE_URL ""
#define PACKAGE "xforms"
#define VERSION "1.2.5pre2"
#define STDC_HEADERS 1
#define HAVE_SYS_TYPES_H 1
#define HAVE_SYS_STAT_H 1
#define HAVE_STDLIB_H 1
#define HAVE_STRING_H 1
#define HAVE_MEMORY_H 1
#define HAVE_STRINGS_H 1
#define HAVE_INTTYPES_H 1
#define HAVE_STDINT_H 1
#define HAVE_UNISTD_H 1
#define __EXTENSIONS__ 1
#define _ALL_SOURCE 1
#define _GNU_SOURCE 1
#define _POSIX_PTHREAD_SEMANTICS 1
#define _TANDEM_SOURCE 1
#define HAVE_DLFCN_H 1
#define LT_OBJDIR ".libs/"
#define HAVE_LIBM 1
#define HAVE_LIBC 1
#define HAVE_SYS_SELECT_H 1
#define XPM_H_LOCATION <X11/xpm.h>
#define RETSIGTYPE void
#define RETSIGTYPE_IS_VOID 1
#define HAVE_SNPRINTF 1
#define HAVE_STRCASECMP 1
#define HAVE_STRERROR 1
#define HAVE_USLEEP 1
#define HAVE_NANOSLEEP 1
#define HAVE_VSNPRINTF 1
#define HAVE_VASPRINTF 1
#define HAVE_SIGACTION 1
#define HAVE_DECL_SNPRINTF 1
#define HAVE_DECL_VSNPRINTF 1
#define HAVE_DECL_VASPRINTF 1
#define HAVE_DECL_SIGACTION 1

configure: exit 0
